152
130
77
111
98
194
148
123
216
76
138
206
219
92
167
107
77
141
279
167
236
150
125
124
218
193
145
125
95
215
54
239
81
133
77
120
118
74
85
248
214
207
156
148
179
155
126
112
120
82
171
141
143
156
134
184
310
136
182
104
76
81
205
130
174
63
131
204
205
111
163
109
108
137
105
90
120
180
163
167
151
199
116
224
141
50
202
80
147
160
196
146
133
138
190
172
117
56
105
184
62
147
247
157
119
102
215
162
393
127
138
135
70
187
176
105
207
251
145
216
124
164
292
143
184
150
170
190
166
202
108
71
52
141
194
163
274
108
192
81
133
160
116
204
173
14
61
79
73
100
145
215
152
86
228
114
151
146
124
249
213
179
151
161
137
113
140
174
42
99
182
113
137
121
153
200
244
136
125
122
158
136
156
159
148
159
78
156
165
116
163
179
171
265
234
133
174
154
206
142
98
171
111
206
115
252
113
121
165
171
231
117
46
162
121
89
209
128
203
177
221
231
149
111
249
122
74
116
243
128
112
207
129
160
166
241
98
144
94
176
139
263
164
208
166
145
123
137
124
113
335
149
215
141
111
201
124
114
154
152
108
157
100
18
142
155
399
207
131
129
139
146
158
120
242
141
258
119
88
199
150
228
107
134
59
139
109
49
37
109
108
202
134
180
130
267
150
186
160
113
163
188
141
116
109
82
206
139
116
273
174
167
133
40
177
165
169
269
259
272
135
201
103
144
154
156
164
122
110
227
150
135
111
215
61
134
214
136
150
201
115
108
212
98
223
135
211
107
159
114
128
215
190
172
215
139
91
163
93
210
81
143
126
203
129
117
110
165
115
187
151
57
118
54
131
152
178
218
186
216
171
116
142
72
219
145
62
167
139
165
85
135
121
146
111
132
175
148
288
178
142
155
122
166
171
232
157
208
212
98
115
102
329
151
75
132
98
174
311
95
154
145
202
206
138
112
132
171
150
111
191
151
177
143
21
109
223
144
218
355
130
208
224
309
146
147
109
174
134
97
149
314
182
184
134
277
264
117
85
131
186
340
165
133
171
158
212
44
176
113
197
130
63
131
230
169
113
260
181
105
137
138
150
72
149
215
189
92
193
218
194
268
161
145
121
201
148
116
130
174
144
81
159
151
149
225
135
154
206
145
164
85
188
253
110
125
157
218
168
86
215
61
215
148
42
133
165
135
160
148
219
182
126
167
107
70
247
97
196
169
107
77
172
297
176
102
125
166
151
119
191
65
123
161
96
202
138
142
138
227
130
161
119
93
171
131
167
32
143
196
150
86
221
208
109
91
177
203
112
140
136
269
111
160
163
257
197
159
306
190
130
181
107
234
84
182
147
128
134
138
202
121
120
164
166
83
117
28
210
169
111
75
130
160
187
107
158
238
58
201
148
196
157
118
161
288
143
150
64
113
61
179
153
112
131
194
147
134
172
214
125
115
209
97
70
121
305
142
164
189
149
134
190
331
206
143
130
168
99
244
161
114
92
263
110
115
147
171
136
190
164
105
111
197
175
228
249
81
155
200
145
35
89
197
114
121
139
114
154
138
131
115
231
77
45
196
183
206
185
167
202
302
158
170
65
111
208
132
138
149
97
122
140
253
181
203
82
171
187
144
146
114
145
116
206
102
203
156
261
174
171
83
237
230
150
164
161
170
200
118
104
106
177
174
158
184
111
55
131
212
172
272
143
76
189
135
153
141
146
239
164
108
130
98
143
155
172
335
176
161
108
143
150
176
284
93
247
100
175
216
204
78
220
202
246
187
135
92
190
179
148
119
141
138
329
200
112
106
130
214
145
136
177
182
138
220
141
179
147
165
181
270
141
206
108
130
133
314
116
221
116
97
167
149
192
104
127
43
251
137
113
129
201
116
121
155
33
110
196
210
89
120
157
168
200
100
139
168
239
49
204
123
160
130
138
182
138
110
237
196
116
151
91
212
126
47
171
126
223
172
98
205
187
168
149
197
163
117
113
137
128
144
156
146
142
46
86
47
340
177
211
138
150
164
178
161
215
116
204
227
157
265
128
106
244
124
139
143
155
148
88
176
129
105
140
76
113
138
179
45
253
93
153
229
216
118
188
198
239
92
86
145
195
219
34
11
111
202
217
137
147
117
189
144
124
117
227
287
171
107
171
119
124
149
87
139
80
101
166
193
227
213
179
228
235
116
164
171
146
183
94
97
231
142
132
180
177
130
233
139
131
189
230
173
171
169
98
127
219
188
198
162
162
145
206
149
125
139
55
197
234
162
147
122
201
135
125
113
105
118
165
165
160
141
120
194
125
121
184
119
120
115
170
178
197
190
113
99
118
125
168
178
108
178
177
151
254
103
144
181
129
76
260
117
125
202
150
54
48
93
118
78
166
252
163
155
122
90
106
170
199
116
168
66
61
166
226
113
159
185
216
41
151
106
165
181
149
94
111
171
211
131
158
190
168
103
148
142
204
381
393
281
149
263
120
200
93
183
103
92
154
155
135
107
146
102
144
314
89
171
261
140
215
133
169
92
120
172
121
208
120
88
196
118
192
182
102
88
199
146
207
164
221
79
88
113
191
112
175
167
113
177
175
135
110
128
129
127
156
118
115
282
125
224
187
196
102
156
202
91
167
240
158
167
115
144
173
250
84
149
140
68
173
186
355
169
246
309
156
311
163
161
121
194
153
140
159
155
123
115
124
95
132
143
71
138
159
173
175
211
171
129
192
145
168
160
234
114
109
151
124
81
159
195
291
136
100
212
193
106
140
157
254
138
181
124
124
107
111
98
111
121
96
138
322
57
72
65
109
156
151
105
89
220
169
333
127
150
105
142
139
85
98
212
111
148
126
172
190
133
275
117
186
10
135
170
181
57
161
193
131
127
76
109
293
98
118
111
105
181
39
172
170
169
140
128
139
34
227
129
154
153
124
66
82
116
196
254
288
156
150
223
128
159
202
175
133
148
73
199
154
193
188
82
132
156
158
201
191
199
130
85
85
190
220
126
81
141
158
151
102
98
196
157
162
106
193
89
199
181
223
170
240
128
125
116
159
208
160
214
162
185
124
195
231
154
172
131
84
132
145
131
216
94
180
57
274
190
174
206
65
91
56
127
141
125
166
128
103
105
144
180
229
182
176
198
120
157
171
127
207
142
164
239
242
89
106
194
208
97
118
232
156
143
120
64
191
130
192
187
156
209
30
187
214
148
142
165
151
163
116
127
93
171
80
163
164
152
236
135
148
88
176
178
164
164
74
160
159
191
122
47
140
133
210
230
144
216
86
137
177
191
151
145
96
220
236
152
149
154
128
84
160
170
133
160
11
116
134
113
104
196
174
68
175
130
159
302
252
107
186
214
172
171
117
197
107
189
166
234
119
167
121
231
215
336
85
70
172
281
68
115
108
174
130
269
101
192
213
155
148
166
173
220
157
287
138
212
120
230
217
232
87
166
105
105
55
69
148
107
136
169
196
135
165
124
143
208
100
114
121
158
98
155
176
170
181
143
166
105
131
205
135
135
174
214
159
160
161
261
171
156
57
148
102
116
214
190
118
101
84
220
120
115
66
95
154
177
173
208
144
163
113
197
201
98
188
156
274
203
138
121
85
94
176
127
51
54
132
154
114
124
126
97
157
170
165
114
201
171
98
31
121
156
164
178
190
143
133
215
114
184
252
130
230
143
157
143
169
227
192
127
110
110
207
159
142
161
89
254
113
157
111
219
32
218
148
201
99
163
143
132
164
149
113
215
250
112
145
46
134
214
130
262
274
105
174
121
155
56
261
186
155
212
71
188
23
122
314
149
179
135
293
211
200
120
183
126
130
153
155
98
116
188
126
231
195
277
178
155
116
93
138
95
42
28
110
169
208
297
246
59
48
64
189
60
177
205
148
184
113
130
225
73
132
141
113
155
153
116
255
169
211
117
142
153
176
251
128
211
209
223
96
173
130
61
314
161
255
100
201
133
268
175
104
138
124
163
188
123
164
110
183
196
161
168
171
148
162
97
101
122
96
158
207
175
91
69
160
162
155
81
254
117
157
144
146
162
63
171
226
192
272
188
126
253
171
222
161
107
186
175
71
187
208
106
158
121
160
108
98
132
110
160
142
236
123
97
224
149
82
132
173
285
226
105
130
92
77
95
142
249
129
96
243
195
163
161
164
200
54
129
178
202
170
117
56
176
182
155
186
170
173
125
194
105
173
245
239
251
133
169
32
89
134
202
235
84
111
38
291
179
124
218
141
306
208
196
105
129
120
164
101
149
100
150
223
125
131
201
161
161
143
112
166
241
163
265
257
138
186
179
186
146
197
134
193
145
233
159
123
146
142
129
84
85
261
242
62
121
205
108
112
136
237
86
152
161
156
137
177
173
243
171
144
142
102
255
247
236
92
126
182
125
148
149
144
244
137
162
100
92
174
178
125
216
223
117
118
214
209
158
264
283
142
127
21
152
188
124
168
126
167
120
67
264
132
182
121
183
108
141
149
132
114
189
55
109
170
113
187
215
165
177
149
183
152
144
135
238
130
215
148
109
160
126
150
191
200
154
208
121
155
127
53
106
77
114
148
143
96
166
137
106
105
181
171
150
114
208
137
131
160
141
129
288
218
181
78
121
103
70
172
157
129
108
236
202
97
171
198
174
133
249
196
94
105
57
93
158
141
205
100
176
134
170
147
160
136
115
161
170
47
105
47
250
100
275
119
93
114
179
108
337
93
216
165
251
146
69
62
65
186
89
122
146
182
281
202
216
76
192
199
118
128
178
69
111
75
164
191
113
183
142
165
114
84
152
172
152
161
156
161
147
137
103
252
129
255
166
260
91
140
329
112
75
69
179
229
237
208
264
190
36
180
216
134
124
164
123
168
229
119
138
178
120
182
146
209
149
206
139
92
176
175
70
167
271
109
108
151
87
179
144
191
164
107
119
128
110
170
174
134
175
105
113
124
209
181
174
82
281
107
137
173
143
275
156
207
184
178
151
179
274
117
209
155
115
218
128
199
66
107
154
118
115
215
310
135
175
128
175
141
216
114
97
158
138
327
125
175
227
172
202
130
146
238
128
95
100
126
163
139
121
140
147
126
119
125
194
143
116
226
129
209
146
158
90
121
132
165
190
201
257
174
133
108
139
202
180
176
172
224
124
30
161
218
111
133
108
167
73
139
238
159
120
104
135
225
76
124
169
219
358
136
132
116
167
117
47
121
94
126
168
122
200
181
157
157
117
208
200
181
170
239
168
130
146
100
173
100
209
95
167
103
217
241
257
118
158
185
135
96
135
93
186
81
98
269
181
91
141
85
197
70
269
169
144
61
155
68
279
145
170
190
165
141
153
145
208
190
110
69
208
136
113
117
101
173
141
135
107
150
128
166
252
96
158
158
178
194
147
182
180
121
99
147
105
112
44
218
141
255
158
109
180
218
159
160
215
188
177
146
49
158
102
108
111
135
93
270
127
169
111
32
128
165
171
113
68
131
183
148
139
115
57
194
321
220
117
140
305
150
175
128
310
171
184
108
155
161
125
165
131
199
91
228
142
126
157
130
129
144
195
97
113
98
226
251
144
113
116
95
149
118
122
128
133
188
117
201
56
76
223
162
118
104
133
113
128
190
94
212
137
188
195
97
214
122
155
98
164
187
217
169
176
113
304
172
190
97
159
187
102
186
190
111
269
224
329
105
88
266
74
160
114
212
204
199
192
185
135
140
116
231
116
200
280
165
90
170
158
61
75
152
189
136
185
208
50
129
139
103
111
147
114
263
102
109
76
209
196
81
130
166
146
161
117
196
149
140
194
190
84
117
143
134
171
159
171
278
158
184
123
79
107
127
164
209
179
134
55
183
137
254
108
100
175
219
120
219
169
188
171
154
191
107
183
101
135
139
48
116
126
191
66
121
177
126
133
226
114
82
169
166
168
128
97
142
197
259
155
220
130
120
194
146
206
136
162
147
164
220
171
82
84
143
81
206
97
160
148
97
108
194
124
158
219
162
191
124
114
103
100
197
163
145
218
148
223
81
160
173
220
205
84
235
122
190
166
61
192
135
133
226
135
206
155
111
143
263
173
291
138
203
108
173
148
127
102
171
130
204
137
88
108
136
93
55
242
147
174
116
32
125
116
124
161
114
222
141
121
132
233
160
96
204
117
196
249
104
143
314
177
244
174
186
176
146
148
167
175
216
71
172
141
274
182
145
141
237
180
99
231
70
216
139
109
158
88
255
222
113
155
177
73
143
196
135
166
180
112
197
163
226
141
199
227
162
158
180
48
94
190
130
235
100
197
98
47
147
135
182
142
116
117
104
120
112
224
148
100
159
141
350
153
140
153
137
144
134
141
202
143
38
194
146
113
172
245
105
122
173
180
314
98
109
117
221
218
306
197
97
143
218
143
155
123
49
80
139
219
171
133
241
116
141
197
54
180
176
166
176
155
193
176
191
212
105
177
239
116
128
124
90
176
128
161
252
223
208
152
114
87
135
194
135
76
227
94
194
274
87
187
209
156
259
215
106
51
84
108
136
97
161
149
134
146
230
172
158
224
158
170
106
140
98
127
236
127
148
81
130
108
183
231
198
182
121
205
148
85
117
198
121
130
117
168
28
153
64
215
195
83
177
144
134
269
112
128
74
159
108
176
168
238
128
153
161
156
239
110
81
167
130
121
55
214
208
143
152
133
119
110
279
143
112
184
226
108
139
160
238
156
171
139
168
209
158
139
123
130
192
140
88
199
148
232
142
140
71
186
135
141
175
164
177
205
104
159
108
104
90
201
150
98
201
136
190
178
132
103
139
228
206
195
125
77
143
191
178
188
273
176
245
251
134
153
106
167
227
30
282
94
161
214
113
111
156
197
183
152
154
221
152
229
104
214
100
213
107
156
32
171
156
138
192
116
150
118
212
218
198
155
163
93
154
142
187
104
92
188
100
229
218
121
194
263
187
83
120
159
161
113
124
126
114
142
151
127
155
191
81
141
163
120
71
126
156
118
133
155
321
175
114
176
156
151
54
62
135
210
187
155
133
223
87
229
123
75
179
151
117
98
128
152
133
162
175
254
139
156
32
60
233
190
155
173
139
132
132
116
141
66
142
68
237
179
36
203
72
170
157
94
169
81
104
126
155
245
131
136
180
216
206
121
148
137
98
107
109
158
169
238
256
170
191
103
118
90
148
15
201
111
129
234
122
183
104
98
127
106
111
179
157
161
223
170
112
81
173
116
197
78
155
173
115
83
70
108
93
188
229
60
150
161
122
113
148
235
121
127
181
181
141
281
78
177
198
172
171
134
165
243
117
57
135
153
185
234
200
115
140
79
141
159
136
159
146
104
182
113
122
152
97
115
187
158
98
142
111
149
147
190
98
171
162
80
118
233
116
206
262
194
211
187
150
117
206
139
138
87
141
189
164
100
112
168
150
140
159
181
36
115
158
129
124
156
214
199
104
129
134
120
218
148
183
151
147
158
127
220
329
161
89
100
229
105
169
143
233
148
93
135
115
123
246
143
160
175
166
191
227
144
145
205
228
56
118
157
139
138
108
174
120
244
148
64
133
124
193
72
6
157
90
262
143
133
123
132
219
107
118
137
188
157
184
164
160
176
227
199
172
174
199
149
267
135
162
112
81
214
161
229
128
86
135
168
194
74
149
150
85
207
174
82
134
242
113
213
60
158
190
113
190
109
227
167
116
85
176
142
84
106
125
122
153
136
237
116
175
54
153
131
198
134
152
224
243
122
227
175
106
183
241
165
57
154
143
86
171
246
188
66
93
133
130
209
134
117
152
89
224
98
235
105
149
273
166
174
197
171
176
143
79
170
135
207
114
147
133
159
209
130
157
171
149
202
196
96
154
149
110
291
190
196
124
350
135
159
49
170
99
137
173
218
113
118
152
207
61
173
162
141
192
182
136
188
111
220
124
216
166
120
113
65
92
223
125
200
170
226
146
139
69
161
262
242
184
133
149
169
208
125
171
111
85
204
158
90
148
161
312
130
109
144
129
266
80
76
226
198
202
143
212
49
39
70
171
139
151
168
161
139
218
179
89
100
100
149
306
97
185
97
117
89
183
141
127
301
176
148
133
156
251
144
176
87
138
234
112
328
205
36
184
96
112
91
194
136
181
141
171
126
264
164
32
216
199
206
133
171
68
109
130
146
140
225
118
153
164
170
141
119
113
135
78
113
111
150
138
98
243
146
117
176
135
117
159
200
265
84
69
164
279
263
153
92
60
62
157
233
66
164
141
183
151
166
203
77
134
161
171
196
186
75
98
118
133
69
126
137
89
139
172
159
231
179
173
130
102
115
214
162
81
166
123
226
161
161
119
173
161
182
107
177
178
160
112
75
163
128
161
98
129
45
202
135
125
217
78
138
155
63
39
163
96
158
215
187
155
174
91
208
130
177
116
63
84
153
234
50
161
136
115
62
156
74
166
177
128
106
123
186
111
246
268
142
233
100
44
116
238
235
131
180
76
134
175
291
116
124
96
206
197
141
121
69
161
173
179
110
182
106
144
123
126
81
156
172
83
191
157
246
76
97
300
126
114
62
141
179
149
61
145
127
155
141
118
144
168
124
122
227
158
176
160
164
138
65
230
158
101
168
97
105
118
42
236
154
206
172
94
215
145
115
91
134
142
180
205
127
234
70
277
209
123
129
168
225
159
105
144
191
158
276
192
153
276
174
128
267
145
156
160
113
183
169
86
149
176
146
86
138
159
128
181
57
229
183
18
63
119
352
165
139
56
113
72
258
158
165
133
133
110
128
159
210
152
217
281
71
224
169
216
151
160
156
81
108
111
199
246
180
71
153
133
91
227
235
103
274
136
150
79
188
134
61
52
75
198
168
78
174
165
127
192
141
165
129
226
208
253
114
121
279
111
191
193
85
163
167
224
184
133
232
215
164
184
194
167
171
59
144
200
97
130
205
195
214
142
114
133
207
270
100
252
144
35
156
142
138
235
158
107
121
163
113
99
82
196
47
162
177
140
147
150
214
209
240
155
138
117
205
131
145
97
231
102
82
66
116
163
84
149
176
173
305
67
149
52
145
115
205
184
141
105
126
62
267
183
202
162
163
93
166
217
163
108
151
115
109
255
118
246
153
291
150
89
150
195
183
73
184
135
105
158
144
155
124
66
190
95
156
200
113
194
132
164
113
87
166
162
47
220
217
146
253
208
103
237
121
142
172
107
102
146
156
149
257
141
167
183
194
194
144
144
31
270
169
225
236
123
89
77
131
108
230
159
161
108
128
274
131
184
158
107
209
130
98
158
108
157
144
127
234
119
107
146
250
243
91
117
164
277
164
190
146
159
236
265
190
170
147
212
157
169
100
147
142
171
69
89
154
159
142
206
125
179
150
133
71
153
311
156
183
126
135
182
123
148
193
301
44
160
149
230
208
208
236
212
108
180
153
129
123
110
179
181
216
157
106
134
114
86
133
167
113
138
162
138
139
53
150
160
119
51
187
96
100
142
122
63
129
161
265
171
28
92
134
170
100
155
285
189
133
124
144
148
162
189
148
178
162
133
66
105
124
110
121
182
46
117
64
139
173
254
140
128
161
65
171
136
77
100
121
155
148
135
107
134
139
187
176
135
79
158
179
235
231
221
125
32
176
217
175
134
62
76
142
146
33
112
183
307
159
137
196
111
135
141
83
76
225
273
274
138
136
124
180
174
112
180
144
110
132
112
207
220
144
125
255
117
89
190
93
200
161
191
161
128
204
97
218
219
3
72
151
52
105
126
170
192
138
190
137
128
103
137
57
229
154
269
151
153
141
144
209
229
154
256
92
151
94
250
59
218
354
32
115
180
90
138
116
187
235
131
192
113
161
98
165
57
173
170
134
110
146
179
157
216
133
135
128
144
120
268
172
88
191
142
133
168
171
145
153
82
73
153
56
158
175
76
136
214
119
122
206
203
295
187
231
119
192
127
198
170
179
109
209
224
310
105
180
113
282
162
102
178
156
169
160
143
114
155
422
108
103
130
144
156
157
115
118
274
141
109
197
246
112
110
109
204
199
107
221
269
175
163
180
138
140
198
187
189
131
128
21
223
169
214
95
173
153
206
177
358
181
124
102
121
97
174
319
100
117
145
168
184
158
149
118
70
162
191
50
207
110
206
183
69
106
138
141
30
198
150
124
147
126
230
109
128
202
110
90
126
163
184
179
191
257
113
150
194
199
216
139
162
102
110
223
129
108
178
155
47
196
98
187
143
154
160
194
174
92
103
131
104
148
152
93
131
181
181
288
196
98
148
202
54
135
131
169
112
106
99
136
180
154
134
66
165
216
210
190
104
123
148
133
222
177
124
108
144
186
183
64
185
77
129
53
176
80
41
103
101
228
154
108
178
200
111
90
233
137
126
111
124
124
109
159
137
140
141
151
149
128
153
83
123
119
81
126
145
188
135
181
197
71
141
140
196
146
131
163
200
165
204
193
132
149
177
82
198
231
54
208
381
211
136
156
110
198
136
119
212
145
146
147
130
146
70
194
170
273
145
89
340
137
96
197
135
161
155
156
104
125
84
153
131
204
165
185
161
186
178
186
89
88
187
234
129
197
102
207
209
151
141
125
85
100
113
101
155
139
215
206
202
207
169
182
172
164
131
77
84
84
142
98
102
109
288
127
144
116
78
175
234
208
81
113
61
123
199
139
84
194
116
166
163
123
133
53
142
291
141
354
85
190
133
163
45
165
172
196
161
113
202
188
146
165
171
158
222
128
107
60
122
171
197
124
190
147
204
161
109
180
146
243
247
139
160
146
116
185
146
187
104
134
264
191
281
201
259
149
164
213
125
87
146
114
119
158
179
131
138
241
47
30
136
77
223
136
189
270
205
295
51
140
190
196
130
187
125
187
81
116
188
55
36
158
133
265
129
170
81
145
75
74
126
108
168
227
177
105
181
156
127
51
124
188
280
66
117
21
158
205
162
141
203
200
176
116
113
135
159
142
118
101
126
162
251
133
184
181
45
229
179
193
179
161
139
148
153
108
161
121
69
107
125
132
66
62
43
190
162
85
69
141
218
89
179
165
126
75
100
229
218
49
144
238
149
285
51
135
101
157
86
124
327
143
159
96
202
146
198
141
197
198
134
127
59
152
166
422
208
186
204
36
201
111
155
102
68
169
95
118
217
198
99
125
75
142
177
200
201
173
188
126
121
146
124
125
234
174
193
188
147
183
138
231
91
151
161
184
193
218
204
251
149
257
154
186
230
202
92
107
141
135
225
189
81
184
215
208
97
104
134
72
133
237
146
171
178
154
102
127
227
65
233
140
113
84
106
142
72
168
125
188
136
93
147
147
127
177
164
128
187
170
130
179
140
182
161
115
192
241
220
214
277
290
156
123
226
130
133
124
107
217
218
177
164
150
98
113
208
182
157
103
122
115
176
128
90
144
193
119
138
187
269
172
269
148
170
127
141
194
155
171
139
146
160
159
106
243
216
45
176
119
153
191
106
133
130
57
96
152
224
142
109
196
122
90
125
125
167
146
352
195
117
189
216
216
205
245
123
92
192
113
116
208
297
233
176
113
128
182
134
114
36
203
117
148
165
99
154
90
84
123
117
150
134
164
90
139
158
211
155
226
72
47
100
270
77
168
126
115
157
146
264
123
120
347
183
161
245
173
177
126
149
181
78
255
157
200
206
215
314
42
199
231
167
124
164
175
176
158
132
58
168
135
150
111
169
53
114
156
226
220
113
133
158
155
124
165
41
140
68
117
153
147
149
110
136
124
111
186
170
140
195
164
158
152
200
197
125
117
108
26
147
190
75
230
185
146
182
95
3
146
174
64
118
123
129
90
115
122
28
136
146
120
151
146
83
182
139
124
269
162
127
151
129
214
98
156
150
223
149
41
181
315
107
216
123
194
143
68
141
193
179
159
117
62
166
257
150
183
156
111
56
253
139
159
154
161
158
340
169
186
129
279
82
310
177
126
126
109
117
120
197
122
116
224
171
126
203
197
119
109
92
179
153
151
160
76
267
225
150
167
126
101
143
183
85
95
143
196
206
180
206
68
43
198
198
126
133
216
200
128
197
208
146
153
148
183
100
166
144
166
130
116
156
160
147
116
138
311
112
78
93
216
132
146
145
207
177
90
208
49
166
155
92
212
204
257
151
113
139
116
115
205
141
236
220
194
130
224
155
303
84
235
295
236
329
150
135
218
172
142
188
163
103
185
123
172
116
109
106
116
128
26
120
189
106
116
162
109
147
190
142
97
208
109
314
213
117
133
166
83
124
334
77
183
159
94
81
264
150
302
155
144
116
156
239
159
254
118
260
218
167
155
191
202
144
152
143
148
120
137
152
181
140
224
195
115
175
56
166
72
53
97
223
165
149
161
48
246
62
76
194
176
134
56
95
216
219
295
107
141
215
123
158
200
96
168
107
303
127
203
155
158
225
241
111
89
197
126
119
199
153
158
227
179
115
205
134
269
95
306
98
180
46
103
252
216
126
263
220
220
108
48
312
92
194
231
236
230
102
93
170
216
117
98
108
177
199
108
191
157
107
194
134
103
115
160
146
97
202
199
343
117
98
117
125
201
121
230
132
123
276
129
188
208
158
54
246
142
121
166
122
158
155
112
85
214
162
125
183
189
111
197
246
130
114
61
187
86
144
158
192
107
191
160
204
144
91
115
109
179
121
106
131
138
124
238
182
215
118
92
153
141
162
220
105
171
143
205
127
187
173
177
254
87
136
196
184
129
241
114
218
152
196
69
137
108
134
226
116
335
171
142
158
187
110
180
45
138
266
135
131
180
196
200
273
159
236
102
100
214
277
208
143
271
235
158
210
111
195
158
125
215
229
187
257
75
106
240
133
175
181
160
231
108
104
140
65
179
170
200
142
144
141
160
120
78
116
138
177
97
121
178
107
101
335
111
179
144
163
111
148
134
112
129
121
69
118
144
105
35
314
134
121
85
145
150
126
112
135
205
215
167
294
120
125
168
131
143
98
129
84
125
219
158
216
52
68
152
167
101
227
153
231
122
176
178
69
165
249
140
143
126
180
214
93
34
158
135
85
155
188
86
174
75
177
82
99
171
132
123
115
267
145
190
168
205
145
126
45
148
108
184
94
150
248
177
158
155
168
81
18
164
121
144
136
177
116
121
139
97
116
208
171
142
208
132
197
166
150
77
178
115
137
218
227
133
109
186
92
142
134
140
235
236
187
184
125
294
111
66
170
149
251
131
37
118
229
246
165
166
118
148
127
130
201
130
278
111
227
137
47
207
103
104
298
207
168
118
103
191
119
67
142
160
129
159
179
148
61
108
148
131
111
140
161
192
91
154
171
188
172
145
150
77
158
180
186
152
160
198
117
202
128
90
137
88
142
175
202
234
104
176
90
109
153
267
94
145
194
158
157
209
196
151
88
183
194
125
178
155
129
131
135
70
113
183
102
161
98
148
26
85
117
204
176
129
265
176
141
114
175
123
352
179
174
111
151
198
270
128
168
184
150
96
121
118
210
159
154
194
131
293
162
171
139
161
161
180
142
116
165
132
114
119
141
112
173
267
140
131
100
163
116
220
264
214
55
173
109
167
145
141
112
140
205
140
75
132
225
216
153
163
187
146
112
122
121
165
135
42
206
218
212
123
110
97
141
156
297
198
125
130
65
192
150
245
154
147
217
145
187
275
188
141
194
77
43
104
183
171
112
97
113
199
190
73
134
126
327
32
214
157
249
116
214
144
114
111
246
56
139
130
194
134
119
86
117
203
146
129
144
202
159
161
63
113
86
156
85
117
126
202
127
139
126
177
209
89
124
234
187
259
132
152
208
140
216
96
157
117
136
226
102
136
142
133
119
143
159
232
66
166
174
134
219
170
222
166
133
170
122
166
153
142
110
119
256
61
310
218
158
117
109
142
51
92
291
190
126
122
130
163
157
271
79
171
155
176
162
190
118
143
178
120
270
143
132
310
84
220
105
185
192
75
62
153
105
135
116
246
188
217
55
135
153
233
130
205
137
329
115
180
80
200
209
134
167
41
104
185
201
141
146
114
73
164
215
162
111
30
116
128
147
170
161
165
236
110
129
124
82
137
128
266
145
218
354
102
105
190
115
119
144
190
144
146
87
173
232
187
144
116
196
239
66
146
130
137
194
100
138
122
174
209
97
147
132
120
188
34
122
137
164
156
128
174
210
252
247
257
141
115
59
179
250
152
248
157
114
124
122
91
125
143
165
175
151
167
153
258
183
192
172
181
141
174
188
155
194
189
173
132
115
215
229
161
274
167
144
77
124
254
215
77
84
175
90
83
117
121
152
145
116
203
150
175
216
114
165
156
142
102
169
221
216
120
153
117
105
93
185
141
87
138
283
69
163
180
218
149
169
113
148
144
181
149
239
195
229
176
131
195
70
248
139
113
117
97
131
141
160
115
162
207
176
200
126
114
169
137
125
163
123
200
70
151
197
108
161
152
108
260
245
124
179
77
145
224
77
100
199
282
129
153
252
137
208
147
148
118
203
97
158
51
102
151
238
164
165
172
106
179
113
114
153
103
194
133
118
234
187
99
108
143
170
147
160
107
148
197
238
125
180
174
183
151
176
336
141
101
104
126
149
155
107
151
67
148
140
152
135
157
227
122
186
121
160
91
147
174
190
112
150
107
111
209
181
166
193
104
126
180
88
114
158
61
116
119
178
197
124
152
90
134
170
137
155
223
258
144
176
227
163
135
158
111
218
174
97
220
207
122
100
95
93
147
158
159
187
159
131
105
190
109
104
97
91
75
147
61
63
375
75
146
109
156
200
244
138
248
104
90
116
189
227
195
100
138
185
173
141
166
157
284
224
135
184
91
193
105
62
109
125
129
238
266
108
155
105
89
141
185
166
275
256
161
249
150
153
177
221
147
175
150
202
216
233
99
141
198
123
178
203
156
104
62
88
101
123
168
144
76
66
149
215
215
157
107
173
76
158
40
223
64
118
88
96
179
246
124
150
155
175
103
68
222
189
277
169
95
131
135
220
135
162
170
220
131
109
121
189
146
131
148
283
237
152
172
141
79
236
201
192
158
209
161
211
260
185
112
106
250
227
134
113
220
145
133
219
125
183
140
240
141
139
175
171
210
157
144
117
179
267
193
130
231
186
115
183
184
59
122
260
216
126
216
101
108
189
116
177
142
134
233
163
171
302
111
97
88
98
285
198
125
122
96
141
169
200
175
156
208
206
174
136
82
253
182
171
130
134
50
208
130
170
90
186
130
128
116
105
133
131
100
106
111
183
216
126
163
153
147
147
74
157
157
160
110
158
190
130
147
215
175
127
142
106
97
124
134
155
188
290
253
111
89
91
133
180
115
180
307
89
131
181
53
228
141
107
133
118
132
144
117
294
221
214
112
176
244
136
252
218
184
71
205
151
194
131
142
265
147
180
107
111
102
136
220
263
218
150
110
252
159
222
153
128
121
181
214
181
144
96
220
184
53
422
100
186
135
130
183
223
129
138
57
174
144
161
141
291
229
112
130
151
149
133
80
40
242
120
201
107
184
68
215
72
133
153
207
129
187
121
51
145
218
198
184
60
77
59
154
162
134
138
174
121
150
114
252
196
185
216
169
126
97
155
205
152
132
109
230
77
261
208
208
243
163
157
141
141
184
141
179
182
156
142
171
119
229
214
223
129
158
154
102
46
165
86
66
95
194
115
71
117
207
125
196
136
231
44
174
219
180
83
211
121
146
106
136
107
169
203
209
219
195
350
155
89
223
90
143
107
190
155
160
162
125
149
61
238
140
337
125
231
236
153
210
141
190
119
112
76
112
131
179
99
122
91
182
203
198
166
152
106
189
152
128
105
188
154
214
146
297
337
133
149
116
215
121
137
121
102
194
284
136
141
223
123
145
205
173
160
213
209
196
169
117
74
150
170
122
188
125
182
196
107
108
86
171
142
133
300
137
218
162
175
76
218
127
252
132
158
99
152
138
335
155
91
193
115
137
51
216
54
160
227
165
200
156
116
137
97
65
125
117
152
91
161
149
157
158
273
105
192
253
176
151
236
142
165
224
188
287
198
141
281
99
257
107
156
158
165
107
71
166
201
98
60
57
175
126
146
77
169
64
85
124
123
105
44
167
90
176
168
155
181
102
218
143
128
135
48
234
99
187
188
91
123
73
167
169
192
171
71
95
211
158
109
102
152
171
134
210
295
236
248
144
120
136
219
241
188
186
214
157
147
234
207
129
116
77
60
152
107
249
152
168
130
257
214
137
108
149
121
110
106
127
162
180
205
202
183
60
137
173
257
161
142
64
184
176
100
113
177
243
154
113
156
123
89
140
242
159
264
46
90
112
52
225
152
152
90
257
114
123
117
103
176
133
152
136
70
45
148
84
264
108
122
182
130
222
173
108
68
176
161
205
55
187
159
123
119
229
138
200
129
124
111
117
119
147
158
181
160
156
51
155
216
148
165
134
124
81
239
149
145
110
141
135
188
183
198
68
255
175
213
69
189
121
223
116
148
126
253
125
148
182
126
125
138
255
113
138
141
94
192
250
155
200
80
97
144
150
145
131
161
165
175
121
126
103
220
58
212
269
165
329
207
146
192
233
98
199
145
183
183
93
96
184
103
124
198
150
235
211
109
202
142
169
154
148
125
112
122
242
282
176
197
84
76
135
164
164
81
135
102
65
97
68
161
182
88
142
141
350
293
187
172
178
219
30
133
229
121
194
147
128
121
97
250
165
75
201
177
90
105
159
131
80
122
148
243
102
246
176
206
190
277
128
127
199
132
207
142
60
139
79
114
102
215
166
142
166
197
165
161
96
141
193
314
84
129
175
219
171
216
56
120
230
132
218
109
162
166
247
151
40
233
197
153
107
42
160
202
196
99
109
113
151
199
270
117
125
118
173
140
277
187
108
217
216
104
176
159
103
243
156
292
121
99
159
215
130
138
140
97
188
171
201
172
158
126
187
117
188
152
162
153
173
45
133
187
237
233
183
274
34
208
104
121
209
152
62
50
142
266
35
121
147
135
281
302
45
187
115
167
141
131
87
110
167
168
169
184
176
225
48
97
198
150
176
103
146
130
158
124
81
144
140
161
188
154
90
202
145
123
167
148
158
130
155
128
189
175
59
171
134
130
109
115
160
201
149
81
175
169
123
224
291
112
137
68
119
87
171
69
47
226
128
116
149
121
114
147
173
135
159
122
47
130
138
124
160
197
170
100
216
113
190
154
144
146
43
79
337
147
101
198
167
343
202
120
138
161
164
215
134
131
174
155
214
188
127
176
89
167
127
175
196
214
156
261
119
185
194
124
128
201
119
224
201
129
264
105
146
237
227
252
117
183
163
291
157
112
281
237
188
110
184
124
171
168
117
168
177
94
145
144
122
125
156
140
182
190
97
236
52
97
166
269
224
142
168
158
177
177
187
206
142
228
192
161
40
206
211
142
142
212
166
133
207
131
153
130
192
160
111
121
224
130
80
161
159
170
154
102
114
181
190
119
154
194
147
55
23
216
132
83
149
98
105
74
335
132
135
166
134
171
125
276
173
204
96
96
211
139
176
204
133
135
131
264
186
128
205
89
169
98
127
80
283
181
199
220
137
82
57
21
212
153
77
49
70
177
162
155
156
264
127
144
130
146
156
132
169
98
116
109
132
109
130
28
162
147
194
52
110
141
147
173
146
201
116
131
64
171
62
246
89
159
229
208
136
84
102
140
224
137
134
109
116
206
121
163
148
206
93
106
120
133
161
180
92
150
84
147
168
136
178
215
65
163
303
140
74
113
138
118
158
145
206
99
168
203
108
116
47
179
99
329
68
230
163
105
102
149
106
205
152
136
166
151
173
192
167
134
104
155
137
165
67
151
84
118
335
112
139
156
121
179
150
111
177
142
159
115
375
69
151
118
47
121
329
350
81
134
108
95
101
205
189
113
114
85
193
107
184
98
173
160
204
171
152
178
130
79
124
138
127
301
45
180
36
102
242
182
127
71
184
155
123
109
202
126
194
106
221
125
215
105
147
370
135
224
180
186
237
135
171
112
141
144
176
147
102
81
159
343
187
101
179
159
185
129
114
220
140
110
254
97
96
237
100
252
158
177
183
100
205
80
168
226
163
302
117
317
157
186
89
66
136
170
131
130
194
128
75
153
114
115
85
193
157
99
163
147
162
135
177
158
115
158
125
151
130
175
98
191
171
125
335
159
108
131
92
114
143
261
175
87
119
53
163
91
86
91
175
251
186
120
132
179
143
32
75
218
104
99
109
166
134
144
184
138
114
146
89
124
125
201
248
97
130
132
190
202
155
241
248
155
175
170
144
255
139
133
170
224
181
347
150
188
217
174
226
136
48
191
182
125
174
140
153
95
51
108
84
230
216
121
267
71
156
130
77
153
112
185
104
155
91
145
187
138
120
176
207
188
384
151
122
159
196
147
196
134
146
187
115
155
235
132
185
153
233
69
121
136
108
163
91
211
216
88
274
127
118
116
185
164
134
166
32
111
158
183
144
222
128
192
131
162
148
179
180
154
137
178
113
98
101
283
222
117
143
114
165
186
179
165
92
158
116
87
193
124
125
190
291
40
156
141
188
174
77
45
219
113
151
168
87
200
123
52
135
96
217
175
189
125
101
189
226
135
169
191
158
120
75
120
87
201
212
251
115
129
159
88
145
176
140
123
144
85
148
225
199
178
81
39
142
173
197
114
83
124
62
158
135
154
188
147
190
206
237
60
23
233
134
91
254
207
251
100
155
173
314
139
159
74
192
182
156
98
183
172
112
199
155
116
158
79
148
135
161
238
107
118
137
126
174
130
121
181
155
136
104
171
121
88
129
162
263
124
165
126
186
45
246
118
199
234
198
118
161
142
247
156
165
115
134
350
145
96
93
153
204
122
125
103
124
209
122
168
149
246
209
155
111
109
130
137
121
126
216
148
187
141
117
160
162
222
148
199
240
157
186
129
85
180
131
156
170
185
198
229
196
148
97
146
162
218
190
157
179
93
160
140
102
180
192
146
250
158
143
158
113
217
193
161
218
205
187
193
188
207
120
148
148
129
159
133
147
45
187
156
122
205
188
135
229
134
121
106
313
218
103
52
56
127
103
173
166
104
213
144
124
133
154
173
185
176
155
168
115
136
173
165
119
138
100
122
307
226
141
181
183
191
158
127
97
178
58
97
118
169
157
92
111
156
301
178
154
155
108
212
44
106
169
89
130
75
131
116
159
122
184
161
141
149
164
164
189
174
167
119
125
108
208
157
110
170
77
123
97
176
107
153
132
104
63
83
117
93
151
177
133
219
123
223
196
159
200
337
127
120
98
157
128
107
181
278
129
214
139
23
117
268
96
169
60
155
144
209
111
231
98
204
126
329
149
149
214
187
175
146
245
130
128
152
156
139
145
80
229
161
161
148
128
146
109
123
144
177
97
161
136
171
166
51
191
149
173
191
163
157
208
121
270
133
115
122
210
126
153
218
75
90
188
176
146
111
191
175
120
195
112
228
266
170
69
177
138
202
93
76
170
107
107
138
209
125
116
305
195
157
190
242
234
178
156
190
178
232
270
125
170
148
120
176
125
98
188
89
112
227
125
67
139
124
337
157
92
190
121
134
124
197
164
103
32
221
182
158
131
103
111
241
159
71
100
216
235
182
191
146
98
190
116
222
222
122
129
128
151
238
136
175
271
112
134
197
200
137
214
160
146
261
110
294
166
113
184
96
76
86
208
139
175
133
151
94
156
135
181
162
106
140
119
191
160
125
134
139
158
74
112
76
63
160
381
156
264
141
76
146
83
179
231
258
122
208
280
291
214
125
130
160
108
214
156
76
152
224
49
70
158
121
142
113
138
121
139
114
165
192
117
302
153
183
98
196
132
62
144
176
187
217
194
43
163
173
77
269
177
141
116
113
329
130
149
293
92
155
163
166
142
174
115
223
144
51
134
183
30
143
214
151
130
154
143
186
148
159
216
180
204
218
205
38
223
105
179
143
147
151
239
176
136
197
160
138
115
113
114
111
181
201
116
96
154
95
189
197
144
139
195
109
216
271
219
174
98
170
129
146
193
99
186
172
145
203
118
142
207
207
95
115
293
158
65
153
76
48
153
254
221
130
197
139
212
307
135
105
148
183
162
158
165
188
119
127
136
148
129
110
286
163
63
126
261
149
185
111
166
171
155
171
131
188
98
83
148
125
220
152
223
281
142
146
171
150
297
143
81
176
209
121
110
150
135
139
218
145
137
253
192
129
149
249
141
268
125
160
315
103
136
115
236
108
165
302
154
183
171
249
161
121
199
297
76
204
209
168
113
170
123
139
205
218
125
197
133
147
129
148
169
130
113
69
178
333
155
141
218
124
136
116
98
71
174
138
110
85
97
131
171
169
91
244
84
213
115
176
99
190
163
130
110
209
183
116
72
99
134
132
199
149
188
171
163
292
140
123
172
132
180
214
82
198
176
215
104
122
190
126
164
186
171
141
205
202
264
93
215
62
132
103
254
235
117
117
199
99
173
155
167
124
202
268
34
146
242
106
101
142
205
167
183
77
81
176
96
137
173
138
136
146
144
115
155
90
197
168
168
113
56
153
112
82
129
138
188
102
82
314
245
164
264
126
127
170
252
233
151
207
118
266
143
97
161
167
280
128
94
105
171
88
76
213
262
170
199
108
43
100
111
118
192
115
119
103
254
93
138
102
147
147
215
199
170
156
98
108
163
153
142
122
133
54
132
277
214
178
68
174
168
187
283
98
121
114
222
148
180
84
128
157
138
41
40
97
132
168
130
137
193
129
289
216
121
109
97
173
214
190
125
118
170
132
127
216
187
157
188
150
167
36
100
131
66
333
138
211
133
81
138
133
198
97
235
131
55
88
90
202
162
224
96
151
199
195
104
193
132
97
163
161
143
96
212
147
248
130
218
116
196
258
136
125
174
158
166
82
156
99
149
176
384
146
182
93
121
148
122
172
99
128
140
97
149
156
159
62
236
208
179
147
148
107
191
125
141
228
55
257
142
127
123
168
212
168
154
233
105
151
107
176
110
129
113
105
128
191
241
110
172
152
221
97
184
109
149
139
164
130
170
138
160
160
255
74
220
182
124
223
169
208
158
215
127
309
209
219
192
218
157
252
121
148
134
90
186
223
291
156
158
121
136
121
41
176
83
163
129
251
64
132
235
138
156
243
111
154
258
192
161
169
83
117
147
77
106
169
151
160
175
66
253
166
214
188
192
76
131
187
89
176
305
207
186
182
153
108
215
49
126
233
61
177
124
135
107
118
146
208
120
218
216
171
185
125
200
157
181
335
129
231
120
113
151
136
152
145
147
78
244
194
255
227
186
164
115
208
76
161
147
104
168
102
145
160
131
167
130
97
117
138
112
116
142
124
111
149
165
184
77
185
138
214
171
116
89
197
49
81
249
170
81
179
145
157
234
194
130
230
146
158
55
196
181
199
129
101
176
234
236
175
133
234
82
152
214
146
207
178
224
131
110
213
100
184
128
101
89
118
112
133
190
87
147
184
44
122
181
152
148
143
133
116
121
74
114
156
159
147
124
116
212
156
81
57
269
117
159
57
145
179
183
141
167
184
89
161
90
108
32
184
108
187
203
132
169
182
119
188
189
148
122
187
122
177
67
88
230
246
209
206
109
178
74
142
246
103
112
159
165
248
208
134
130
156
204
240
200
210
126
233
175
162
177
223
173
152
96
179
137
172
260
163
146
190
98
91
169
129
310
115
184
89
41
194
161
84
145
106
156
120
128
156
180
206
193
237
153
101
132
358
223
178
174
200
165
159
173
134
116
195
198
173
279
163
226
170
157
130
121
327
154
23
83
81
167
165
112
181
55
239
146
135
99
146
297
201
180
164
253
183
89
150
121
159
212
153
76
241
145
105
144
146
130
249
61
170
109
231
123
220
77
185
181
145
170
328
177
169
238
216
111
134
208
279
89
98
90
125
132
172
84
149
158
159
88
137
116
200
176
125
153
248
126
159
137
70
86
128
140
145
144
134
191
223
155
84
184
111
150
155
202
242
96
69
117
131
124
145
148
44
132
168
149
264
202
143
233
302
108
47
175
166
224
255
161
266
203
62
159
169
69
126
81
91
101
75
93
114
154
72
96
129
306
153
116
229
145
175
205
121
295
141
139
132
96
82
163
155
135
127
237
148
137
186
158
117
124
96
171
63
138
120
97
89
99
140
130
230
149
117
250
118
106
245
247
199
193
150
187
196
182
90
118
190
124
166
152
81
262
157
98
88
196
91
148
121
128
223
121
171
38
54
146
111
184
160
190
256
153
127
140
91
186
127
144
186
129
111
275
213
123
116
6
59
132
190
69
111
231
66
172
114
138
168
208
180
121
208
157
128
175
189
136
253
69
150
162
135
197
72
103
135
155
157
163
228
148
104
99
153
178
146
73
167
197
111
129
112
88
184
209
116
198
45
179
192
151
19
162
97
173
131
89
130
97
100
190
117
177
82
99
224
107
119
148
81
205
109
169
274
104
183
214
149
147
97
123
144
119
121
335
156
130
112
159
146
120
252
115
183
158
201
129
173
219
136
143
145
143
164
199
134
84
67
254
145
314
145
276
145
105
269
178
129
89
202
126
164
250
142
187
