95
75
84
83
93
54
116
119
38
57
57
50
115
143
143
77
121
50
105
58
58
38
101
63
70
122
32
122
90
43
111
12
92
105
70
97
48
95
50
94
91
85
68
46
84
37
118
153
95
50
77
143
112
143
89
90
157
141
86
41
59
38
65
94
15
86
102
91
110
63
125
9
93
86
98
98
104
70
36
159
169
79
61
97
53
36
94
84
65
79
100
94
89
75
72
68
122
87
98
116
122
109
57
60
84
126
50
89
43
65
47
83
91
57
73
38
125
115
62
96
85
96
79
101
49
64
41
61
39
125
111
98
101
54
120
184
50
112
85
103
110
136
98
84
74
38
123
97
95
56
70
122
126
24
97
71
61
68
82
97
136
126
57
54
72
49
57
133
158
92
75
57
62
29
84
104
43
88
86
131
49
45
139
15
56
78
36
31
74
111
104
49
47
49
102
20
121
30
56
87
105
61
56
78
88
121
84
54
74
73
70
64
93
67
68
173
25
112
94
89
65
71
77
59
66
89
123
67
61
98
119
40
38
79
46
59
92
70
6
150
82
137
92
51
88
81
82
30
91
103
70
147
48
29
103
68
86
66
20
29
22
66
60
50
61
87
67
96
103
102
46
31
60
94
56
69
53
51
87
49
19
56
77
99
68
83
20
123
194
70
43
90
144
72
109
64
67
87
64
64
69
124
64
17
106
41
125
101
77
124
80
88
86
102
122
70
123
50
51
40
41
65
82
36
143
29
69
84
19
67
132
93
132
26
49
111
86
69
15
97
76
75
127
125
91
96
122
54
27
47
19
56
72
85
52
73
82
56
111
86
72
70
174
75
108
46
76
56
77
169
57
63
146
54
57
79
36
85
80
173
123
87
118
56
79
116
115
103
62
85
116
69
57
96
25
76
60
62
143
88
65
81
73
77
62
41
95
43
50
34
86
49
85
115
36
22
115
25
93
30
37
67
46
76
49
79
59
58
37
51
96
62
141
123
102
37
106
94
85
47
125
134
104
75
49
115
94
70
123
87
80
93
74
92
40
28
64
84
26
54
101
44
78
99
113
98
157
29
52
49
50
91
66
96
81
35
146
85
123
88
109
110
102
38
46
67
102
96
123
137
90
94
68
61
43
66
33
92
98
102
