3777
11406
7552
4186
7741
6471
6991
11704
2344
2544
11333
45
2927
2739
9216
1312
3381
4423
1955
3616
5715
5780
9943
7748
3105
2786
4074
999
3543
2974
459
7409
5094
1731
710
11226
1263
7357
7374
5732
10422
1859
11558
4662
6957
2885
2659
6294
2659
3440
10014
501
1052
5100
1035
2160
5312
8845
689
5157
10695
678
5138
1576
4686
10026
1345
1075
8855
4143
678
3012
10297
4538
2609
7904
11395
6242
3597
4994
8675
4189
4123
6247
5138
11176
849
8490
5205
3530
8928
999
2785
6245
8814
9680
1174
6972
815
12299
