140
114
221
85
103
172
78
67
125
115
28
162
?
197
171
70
118
102
177
71
31
82
?
83
119
137
191
94
98
149
99
76
108
141
248
159
129
141
170
143
67
122
123
35
71
125
106
143
92
85
116
39
139
112
231
94
92
?
171
146
?
105
86
108
102
93
58
53
136
130
120
68
143
76
116
233
111
101
98
90
189
92
39
99
140
118
256
74
111
142
279
125
115
54
112
79
101
115
173
101
88
110
212
116
171
136
145
94
?
71
106
66
58
111
121
142
92
103
125
95
225
177
166
64
74
116
98
145
137
146
195
118
212
157
119
66
37
141
86
77
122
192
138
62
83
116
132
103
119
104
92
158
126
197
122
114
108
83
123
173
128
105
76
104
90
149
117
80
74
43
69
73
150
132
163
93
158
100
157
104
101
221
64
158
64
28
71
145
77
76
93
72
62
142
117
132
172
47
64
66
206
108
130
35
103
105
123
69
117
140
87
78
104
60
?
147
53
160
216
106
82
?
71
76
83
85
165
140
143
97
76
116
122
111
120
122
72
108
31
76
83
124
237
93
57
170
?
97
82
39
108
68
75
105
105
97
145
73
71
163
102
?
67
132
34
57
70
74
132
95
56
92
95
134
221
117
109
61
64
114
169
111
66
74
75
132
267
60
122
188
72
67
138
121
72
120
72
212
97
106
143
133
145
82
76
94
66
119
82
90
98
137
34
94
103
89
54
105
9
114
189
61
98
72
82
154
115
162
95
167
116
117
164
172
111
95
89
76
44
86
169
116
120
92
155
97
115
146
51
119
138
53
?
173
80
27
39
31
32
68
68
75
89
74
114
207
111
169
72
224
67
97
132
200
101
?
89
82
?
93
82
124
78
81
209
142
58
39
145
57
134
?
142
71
133
128
183
64
129
77
76
105
120
144
120
106
104
41
39
125
110
149
?
115
134
88
94
179
262
199
?
98
145
190
26
209
72
155
94
108
228
75
138
75
132
193
271
122
64
108
123
36
58
59
206
108
92
130
104
82
122
114
125
125
113
113
146
65
93
115
129
141
72
103
91
?
44
143
109
138
85
98
100
79
146
85
109
105
134
81
?
118
102
?
114
214
119
35
77
55
193
54
179
?
105
39
108
105
171
114
