91
48
53
42
35
87
70
45
77
48
66
42
58
79
65
65
54
60
53
65
67
48
53
45
63
46
75
83
82
46
56
67
21
55
60
30
39
48
61
78
42
38
66
61
40
66
45
66
81
54
52
42
47
77
20
44
47
28
53
59
47
82
60
34
47
50
40
43
53
83
44
63
50
54
44
69
65
59
43
38
63
42
47
56
54
54
36
69
54
50
52
65
35
42
55
56
45
61
83
33
66
69
54
66
60
88
46
40
69
43
69
64
50
66
48
62
56
69
60
64
61
35
58
20
38
71
38
30
49
81
50
87
31
46
60
71
75
54
39
54
87
64
54
36
47
52
75
46
51
63
32
52
45
63
65
47
57
65
69
52
48
60
56
69
56
54
36
67
61
67
31
66
62
66
56
17
92
59
48
68
82
46
49
69
36
76
38
62
64
61
66
74
44
51
50
61
49
57
50
55
46
38
67
58
80
69
65
42
64
21
80
42
59
51
77
89
76
51
69
44
55
50
61
52
56
71
47
50
67
39
65
51
66
63
67
91
49
51
46
35
72
89
38
61
83
78
42
74
48
58
63
91
63
44
79
49
74
78
68
80
90
55
70
19
54
78
66
53
47
24
82
27
61
61
85
84
37
71
40
35
64
76
68
65
47
64
61
54
84
61
89
59
87
69
76
42
36
38
57
33
88
45
58
55
68
59
97
56
51
46
50
64
78
46
59
54
36
97
58
34
89
96
82
65
23
70
74
62
67
57
64
69
46
81
28
57
68
30
74
53
65
36
64
73
59
51
49
54
65
45
37
51
56
38
66
48
58
56
63
71
46
29
62
54
59
108
73
65
37
72
58
35
45
67
47
78
52
54
43
26
60
47
54
71
60
65
51
52
57
40
35
83
75
65
51
53
52
38
41
62
59
44
66
46
48
50
47
64
48
73
33
83
61
71
36
65
47
30
38
35
61
63
59
59
66
32
68
81
54
84
15
63
34
61
49
55
46
48
67
29
38
44
61
38
57
91
55
50
81
64
45
45
63
52
68
67
58
17
80
20
74
54
99
36
57
71
77
76
66
56
67
47
52
56
26
47
80
52
64
71
32
54
38
80
52
69
52
51
56
61
12
58
66
72
83
57
74
71
38
37
64
61
45
43
51
60
49
51
59
80
60
82
50
45
91
72
79
39
75
73
66
59
62
70
37
99
52
64
74
54
28
64
32
57
100
60
92
78
40
70
53
47
51
48
72
53
55
45
66
53
60
76
88
73
53
61
60
107
42
47
73
17
56
70
49
56
60
81
55
60
41
47
56
97
70
41
33
51
49
23
58
64
53
70
62
24
39
19
62
55
62
69
62
79
77
55
34
51
75
33
29
58
48
38
51
23
37
73
58
54
28
42
75
53
44
66
100
25
47
42
56
40
58
52
39
111
60
77
75
50
58
61
87
31
39
69
62
46
31
58
58
47
53
41
67
59
78
72
54
52
51
74
52
28
35
65
42
57
47
70
49
36
47
55
72
49
48
58
52
51
75
80
47
74
44
48
65
58
44
59
17
89
62
38
52
51
51
96
47
64
55
46
63
47
52
65
76
84
56
48
34
68
65
42
73
100
49
54
89
47
45
62
58
53
43
56
86
51
52
53
27
61
45
27
69
24
63
54
57
52
77
43
54
51
69
73
46
67
109
57
45
58
72
44
54
34
57
52
56
64
57
63
34
73
73
70
39
48
43
59
54
57
43
62
64
20
82
87
47
30
48
65
40
94
69
45
59
54
65
42
79
35
41
114
36
55
54
41
57
56
83
42
45
88
62
54
55
45
65
76
55
63
88
79
49
39
58
43
57
53
64
56
53
36
52
53
47
69
58
65
49
50
62
66
40
51
38
71
59
43
42
50
34
49
69
66
62
70
69
69
66
50
36
55
78
60
76
50
56
57
100
42
56
69
52
57
65
53
47
65
88
64
74
81
49
45
34
43
27
21
9
39
55
83
82
50
44
50
18
53
47
74
69
55
61
41
40
44
37
56
66
41
46
61
47
42
59
48
63
44
45
69
49
27
60
53
85
51
49
60
44
65
37
55
64
58
76
51
62
48
62
63
68
56
55
57
59
46
61
39
79
55
11
49
71
63
46
69
63
76
83
41
42
46
64
49
40
57
48
58
34
73
114
65
107
76
59
71
53
63
15
56
27
57
75
53
56
80
82
72
59
43
31
100
53
44
18
49
91
42
69
32
58
55
47
75
63
30
17
41
56
71
64
55
86
45
57
37
77
57
