3385
883
2895
795
2352
377
3665
2286
234
3002
836
1164
3939
3044
688
2211
955
382
1206
227
52
1705
3336
2094
360
236
429
3723
596
318
3254
2005
1033
479
2153
1642
897
404
396
806
1980
3914
2889
956
184
3866
288
1669
115
1440
3706
799
1511
348
1459
404
3025
3034
324
693
1629
688
2083
3663
1430
2155
2232
560
900
1537
2776
1067
319
1194
2255
848
994
2519
1393
1570
561
3350
456
1237
1860
3829
2348
2176
3920
3250
3184
1360
1008
4763
3297
1636
1376
2309
765
3854
4345
2709
531
2747
664
1220
1410
938
2642
2870
1723
423
671
2658
1890
3105
2220
1788
211
805
1302
248
224
1578
156
213
1183
2224
513
4209
577
737
424
526
1402
2735
1091
1479
2289
4277
766
471
3077
3706
2658
315
908
1353
2712
1440
266
2072
1642
245
739
1303
1875
1730
2146
324
970
3631
3219
1067
1872
1704
2125
1860
728
806
3780
150
813
3830
215
1296
1505
1386
689
398
1001
1004
445
3634
2289
3214
198
1032
3571
390
310
207
2842
582
1310
1446
253
1537
179
2001
882
695
618
505
880
739
946
431
599
1672
2851
582
905
4114
1565
3571
937
2308
1458
1172
3099
468
2532
3048
1478
1663
1555
842
1734
1742
1891
2658
1893
1938
607
1605
2380
2751
292
1160
180
1581
59
1919
1806
1907
1833
4126
449
1027
1613
2374
1862
824
156
2255
3260
1949
418
3669
3374
198
2614
740
856
304
893
3240
1875
186
1772
3701
1701
834
1636
2421
674
1333
3410
319
2125
2671
1930
632
753
2668
1213
357
725
739
4435
2111
813
113
2247
74
1363
2582
1634
1126
1645
404
196
1173
3866
425
3755
208
1888
399
1242
357
523
1778
724
1334
1741
1074
1688
850
1040
3469
1568
261
110
417
665
3226
1637
1181
1867
2098
3768
82
2127
988
2013
2309
1838
1440
647
4149
2657
1826
3200
1012
2534
185
374
2067
1862
141
1115
558
3963
3121
868
3413
1571
3346
918
1655
267
3087
4535
1172
1020
2846
748
870
3991
1407
453
2051
1772
347
2167
2860
1816
825
3092
620
1412
1941
1980
193
3044
855
1488
570
902
3853
2872
600
75
319
1613
771
129
3542
702
108
2414
2811
2074
632
2354
803
1964
241
2296
324
2844
678
1389
644
843
765
1065
1587
2942
149
1975
2303
711
4261
634
771
1693
1355
469
72
1612
3762
334
122
1511
1868
1006
454
2362
896
1413
1144
2241
490
1086
1500
349
109
2551
411
596
4249
871
2539
1085
2574
1664
1907
3046
435
297
788
215
169
1967
3110
1026
834
1027
1427
1130
2128
4448
319
163
324
1140
3162
1242
3872
1390
3025
1694
3396
367
1858
888
1193
3336
857
2526
3258
2927
1126
2088
3009
651
981
245
2098
1890
304
1546
325
2099
4716
2001
3250
1773
1850
648
1722
3696
2054
1811
2393
646
2660
3429
2823
2052
4226
1577
1856
1869
2046
341
1352
1030
1378
976
962
581
3444
904
2037
1587
3061
2917
2532
1434
2882
2600
3292
2114
2087
592
951
2395
697
2097
1220
1153
1932
1754
1754
3065
2001
3291
2423
3594
2665
508
1228
1300
30
1626
3571
571
406
3792
511
2119
776
575
706
365
408
1871
95
495
177
36
516
819
1453
3044
3092
577
1773
2808
2690
1511
492
2046
1135
588
2712
2099
860
500
142
516
2781
427
666
396
3184
673
2540
372
2530
1291
1468
2309
2989
902
408
2663
1244
1491
1062
152
2061
1404
465
197
4497
570
325
2912
928
2315
75
500
3762
1682
2309
3693
938
2593
1701
2810
1641
1766
1960
600
799
1917
2636
1036
2798
1378
898
196
920
1346
1630
404
53
1888
1174
1012
1892
1372
98
2128
1453
2393
424
2337
2845
478
2277
825
813
1242
2400
1652
1033
4072
427
1852
2660
2242
589
176
974
480
224
2660
1124
2276
187
169
692
2954
228
2628
3100
3379
952
668
998
1505
130
2756
785
618
116
478
536
878
2807
519
562
991
4411
380
3674
2553
1862
3738
1363
1403
994
2933
112
1338
1516
3749
1473
307
1672
960
3307
3087
2220
1536
1913
236
104
2022
2519
3696
4050
253
1578
748
1731
545
2082
852
4287
1062
4072
290
2716
2334
1948
1889
773
812
3190
2774
1192
2256
760
2174
736
2615
1450
1950
280
1982
397
554
3948
4120
1433
649
1397
1498
2469
1991
717
1052
3605
726
2782
1253
3044
424
1157
1215
1141
1638
4317
3429
912
19
72
616
2318
211
847
2519
1073
75
1288
901
1999
2832
494
267
846
1847
3065
2823
1586
2953
2423
688
637
3886
2061
3307
1526
1589
2136
3077
259
1107
4117
3033
2210
2395
2138
2099
1336
3063
2414
2529
3092
97
737
1844
2666
4162
456
919
3350
925
417
1017
4101
2807
140
1694
2282
2290
2878
521
588
3889
1159
3214
1214
2498
2430
2367
964
1440
1732
4287
1168
3053
168
224
2208
4697
1922
4125
3124
3678
4604
913
1262
739
1890
951
1694
2438
812
1828
679
3815
1440
260
275
1994
2637
196
3274
1390
1532
2174
1108
2614
3049
3920
1799
493
2673
1781
1722
518
721
1195
3441
1214
404
3298
666
1564
129
134
4317
2696
274
3106
858
776
1540
3094
457
3297
2410
4035
2077
2763
2969
69
129
3911
587
1747
2399
3208
2551
1146
3556
1933
1146
1950
158
970
1958
826
2144
491
2001
381
2757
504
1730
651
1578
452
813
292
1522
2316
1943
819
1913
1396
3425
2054
3350
1738
920
2016
824
154
1710
1801
1310
1953
122
1915
4248
524
3991
1954
1123
1353
2026
2598
1402
3703
428
3046
422
1312
2396
2159
736
683
3977
3279
2029
150
757
4103
278
787
1889
3852
2136
42
647
2739
1074
1379
442
1884
1822
1696
1312
2693
1688
218
1601
357
1762
2099
2922
4152
655
1855
243
1952
2485
1401
1778
2304
72
86
1768
2833
2968
377
911
4066
1641
2138
1722
2966
2534
1026
2074
1270
1881
286
3075
1947
2570
898
1036
1160
1190
1039
938
318
2104
654
2851
1528
1867
2776
3355
1909
590
1942
918
3727
73
3437
1375
1922
1193
1062
2256
3111
362
163
1163
3255
112
3815
775
260
182
1048
215
1105
1796
3164
2465
248
62
3730
2316
442
2007
1910
409
1929
116
2478
4162
2582
2142
3434
3786
391
433
2889
3801
2458
679
1040
1453
449
108
1985
3717
1145
1076
1126
231
1183
3901
3026
3533
1143
1328
413
1942
919
787
944
2393
1257
1587
232
1021
901
36
3872
1438
1847
575
1027
152
1158
2318
1676
2126
1759
1993
3970
2238
860
1255
2972
3541
2238
2077
1681
1282
1434
435
1473
2492
3774
923
2393
278
823
3255
1438
849
990
2908
3184
678
482
637
343
1744
1244
4447
288
2565
341
385
2229
2266
954
2470
1517
924
559
1425
19
1502
3479
3821
3476
1687
2276
72
612
1893
4374
2909
2417
3115
1485
2148
3594
515
134
191
2324
2613
831
2083
376
1778
624
1734
3402
2575
1986
834
3284
667
4125
1946
294
512
2261
1546
2195
653
99
2174
301
2037
1436
325
120
1264
1034
3061
655
3050
2492
2326
1151
513
3939
1108
2833
3590
125
509
333
750
4103
1050
1511
2990
2765
172
2424
737
887
4248
2015
813
2711
2012
580
3246
1174
394
3911
2600
653
2988
602
261
1878
1589
683
154
1695
3738
880
372
613
79
1615
3578
172
2247
2138
1246
873
4174
1145
2167
1352
165
3405
373
610
464
2668
2847
987
3830
3525
1817
2205
341
2810
1691
850
2277
1025
2748
3379
2332
813
134
1333
292
832
266
1932
1662
3574
942
504
221
1810
2888
167
2484
195
810
2339
3254
81
2037
2870
3302
206
324
1436
1108
2259
2373
993
3556
1032
1871
562
858
477
1067
294
890
1814
1480
1078
2574
466
294
1949
1135
974
845
930
466
213
349
2658
3425
2720
154
556
740
4139
350
577
1329
2371
4180
1036
785
3405
2432
491
1135
1788
855
383
2421
1035
2061
1506
919
245
446
1260
4374
1142
4149
1584
2869
3991
1587
924
2384
1321
224
2837
1855
2671
694
2438
678
122
3258
2588
4303
3886
2823
1090
2089
487
1872
1528
1589
232
446
871
2133
1780
1882
2059
1499
2410
1964
4367
1020
731
1424
787
3426
2125
967
2644
694
1736
1161
235
2893
322
725
356
1735
2369
1596
1626
1337
1571
406
166
957
1335
1931
794
393
167
1791
1026
1247
1949
288
1738
1086
2745
2851
2927
3500
1194
3490
3577
1393
1872
409
1276
492
2239
114
2332
1754
1698
2215
482
2412
4214
1399
4104
227
789
2448
1571
799
1344
326
1161
298
725
690
4704
415
1328
2908
634
416
455
1371
1769
3578
294
2034
404
1432
1222
1336
569
575
902
4057
2430
2555
377
2698
1340
1994
1089
1125
1058
3444
355
2938
2041
223
2991
3044
3268
32
1286
2406
3525
1637
2920
230
897
2882
566
1415
58
3528
2589
2787
379
245
2719
95
1745
2119
476
1600
442
2220
3566
112
325
1847
1412
2249
1434
1451
986
1456
690
1403
3750
3665
2039
1835
277
4383
517
160
1495
3001
1985
2373
1050
1875
3682
3764
2393
3270
307
1985
2900
326
731
327
580
1537
2354
290
1041
1039
554
278
451
148
88
811
618
1239
1423
1108
2566
1214
1073
1275
956
4148
2492
4132
3474
1489
2563
3550
187
2031
231
456
1817
166
321
2859
2984
173
738
1170
721
846
191
290
1194
3094
2339
3223
1139
3402
2439
910
3566
2302
1892
504
432
2554
655
3033
344
1647
150
36
367
216
1956
2277
2266
30
169
1683
1905
1637
805
2757
846
2807
2799
2027
1074
2657
3780
799
1337
1333
252
1980
2512
3279
1378
1172
948
2594
4557
390
942
2268
2813
1456
307
1347
383
2649
526
955
1189
2892
2709
2208
932
3862
840
2446
788
2159
2594
2832
664
993
3829
2856
923
4409
318
596
980
2179
937
4209
3088
364
1505
498
2220
1755
2642
2419
2812
494
1268
1113
1274
365
1591
1613
2008
1035
351
2506
510
372
1013
2268
2847
1763
2174
3087
75
2142
1541
691
1294
4606
1327
367
1505
1637
1304
1889
596
3437
1027
2247
2486
3620
2396
643
1593
750
710
2465
840
1901
1116
2236
977
786
2887
167
3144
1712
3053
2077
691
2450
1550
628
2619
1787
485
1019
1502
780
3678
2205
3363
739
2157
854
1321
831
1393
694
2120
2185
1977
1688
1078
235
1074
3111
1372
2225
476
2036
88
3110
976
511
390
1568
824
974
174
2202
787
1063
1747
622
3824
273
1530
343
1333
411
837
715
138
3065
958
1647
1540
1408
1309
1443
228
73
3332
1440
3209
878
1856
2421
1505
2654
664
2574
3777
2723
2254
2912
1930
255
823
954
3976
88
1670
1713
2171
714
840
3828
606
762
924
273
2655
2720
1470
913
1095
4101
1919
958
111
928
2712
2816
519
2811
2369
3762
3762
4271
641
2107
673
2532
952
1549
300
3777
2281
916
880
1026
882
511
1032
2748
200
1888
3577
357
516
451
3149
953
514
115
666
834
405
4657
1085
1555
76
406
3857
1242
2035
2685
919
887
2340
363
4318
2563
2092
929
818
534
3593
2807
511
212
